debug.srp created srp.log for error report...
runtime exception handler called
exception is: [31;49mglobal variable is unbound - inf[39;49m
frame variables: {}
frame pc: -1
frame method: <callin_method>
frame class: nil

Debugger invoked.
-----------------------------------------------------
Method [32;49m<callin_method>[39;49m in class [34;49mnil[39;49m
-----------------------------------------------------
Method [32;49m<immediate command 0>[39;49m in class [34;49mnil[39;49m, char 435 in file 
    /Users/siyingjin/Desktop/p/player/playerdemo.srp
  21: load_transitionmap("/markov-music/out.txt")
                        ^
-----------------------------------------------------
Method [32;49mload_transitionmap[39;49m in class [34;49mnil[39;49m, char 297 in file 
    /Users/siyingjin/Desktop/p/player/playerdemo.srp
Frame variables: {'in_file': "/markov-music/out.txt", 'f': nil, 'content': nil}
  14:     if not inf
                 ^
-----------------------------------------------------
Method [32;49m<callin_method>[39;49m in class [34;49mnil[39;49m
[31;49mglobal variable is unbound - inf[39;49m
